Job launching after 0.16 seconds in submission.
Running python job.
Changed into dir /home/sq/brain2020/hyperparameter_tuning/mlp_A
Importing mlp_spearmint.py
Running mlp_spearmint.main()
Traceback (most recent call last):
  File "/home/sq/GAN/script/Spearmint/spearmint/launcher.py", line 243, in launch
    result = python_launcher(job)
  File "/home/sq/GAN/script/Spearmint/spearmint/launcher.py", line 327, in python_launcher
    result = module.main(job['id'], params)
  File "/home/sq/brain2020/hyperparameter_tuning/mlp_A/mlp_spearmint.py", line 44, in main
    params['roi_threshold'])
  File "/home/sq/brain2020/hyperparameter_tuning/mlp_A/mlp_spearmint.py", line 30, in function
    val = str(output.communicate()[0])
  File "/usr/lib/python2.7/subprocess.py", line 792, in communicate
    stdout = _eintr_retry_call(self.stdout.read)
  File "/usr/lib/python2.7/subprocess.py", line 476, in _eintr_retry_call
    return func(*args)
KeyboardInterrupt
Problem executing the function
Traceback (most recent call last):
  File "mlp_main.py", line 3, in <module>
    from model_wraper import MLP_Wrapper_A
  File "../../model_wraper.py", line 5, in <module>
    from dataloader import CNN_Data, FCN_Data, MLP_Data
  File "../../dataloader.py", line 9, in <module>
    import pandas as pd
  File "/home/sq/.conda/envs/RL/lib/python3.6/site-packages/pandas/__init__.py", line 26, in <module>
    from pandas._libs import (hashtable as _hashtable,
  File "/home/sq/.conda/envs/RL/lib/python3.6/site-packages/pandas/_libs/__init__.py", line 4, in <module>
    from .tslibs import (
  File "/home/sq/.conda/envs/RL/lib/python3.6/site-packages/pandas/_libs/tslibs/__init__.py", line 4, in <module>
    from .conversion import normalize_date, localize_pydatetime, tz_convert_single
  File "<frozen importlib._bootstrap>", line 416, in parent
KeyboardInterrupt
Job failed in 0.67 seconds.
{u'train_epochs': array([200]), u'learning_rate': array([0.0001]), u'batch_size': array([8]), u'fil_num': array([5]), u'drop_rate': array([0.]), u'balanced': array([0]), u'roi_threshold': array([0.5])}
(<type 'exceptions.KeyboardInterrupt'>, KeyboardInterrupt(), <traceback object at 0x7fb4fe7c4758>)
